<?xml version="1.0" encoding="UTF-8"?>
<testng-results ignored="0" total="1" passed="1" failed="0" skipped="0">
  <reporter-output>
  </reporter-output>
  <suite started-at="2023-09-02T21:50:18 IST" name="Default suite" finished-at="2023-09-02T21:51:10 IST" duration-ms="51624">
    <groups>
    </groups>
    <test started-at="2023-09-02T21:50:18 IST" name="Default test" finished-at="2023-09-02T21:51:10 IST" duration-ms="51624">
      <class name="com.qa.makemytriptest.MakeMyTripTest">
        <test-method is-config="true" signature="setUp()[pri:0, instance:com.qa.makemytriptest.MakeMyTripTest@6a28ffa4]" started-at="2023-09-02T21:50:18 IST" name="setUp" finished-at="2023-09-02T21:50:20 IST" duration-ms="1751" status="PASS">
          <reporter-output>
          </reporter-output>
        </test-method> <!-- setUp -->
        <test-method signature="testMakeMyTripFlightSearch()[pri:0, instance:com.qa.makemytriptest.MakeMyTripTest@6a28ffa4]" started-at="2023-09-02T21:50:20 IST" name="testMakeMyTripFlightSearch" finished-at="2023-09-02T21:51:09 IST" duration-ms="49492" status="PASS">
          <reporter-output>
          </reporter-output>
        </test-method> <!-- testMakeMyTripFlightSearch -->
        <test-method is-config="true" signature="tearDown()[pri:0, instance:com.qa.makemytriptest.MakeMyTripTest@6a28ffa4]" started-at="2023-09-02T21:51:09 IST" name="tearDown" finished-at="2023-09-02T21:51:10 IST" duration-ms="358" status="PASS">
          <reporter-output>
          </reporter-output>
        </test-method> <!-- tearDown -->
      </class> <!-- com.qa.makemytriptest.MakeMyTripTest -->
    </test> <!-- Default test -->
  </suite> <!-- Default suite -->
</testng-results>
