<?xml version="1.0" encoding="UTF-8"?>
<testng-results ignored="0" total="1" passed="1" failed="0" skipped="0">
  <reporter-output>
  </reporter-output>
  <suite started-at="2023-09-02T21:42:08 IST" name="MakeMyTripSuite" finished-at="2023-09-02T21:43:01 IST" duration-ms="52687">
    <groups>
    </groups>
    <test started-at="2023-09-02T21:42:08 IST" name="MakeMyTripTest" finished-at="2023-09-02T21:43:01 IST" duration-ms="52687">
      <class name="com.qa.makemytriptest.MakeMyTripTest">
        <test-method is-config="true" signature="setUp()[pri:0, instance:com.qa.makemytriptest.MakeMyTripTest@7b227d8d]" started-at="2023-09-02T21:42:08 IST" name="setUp" finished-at="2023-09-02T21:42:10 IST" duration-ms="1844" status="PASS">
          <reporter-output>
          </reporter-output>
        </test-method> <!-- setUp -->
        <test-method signature="testMakeMyTripFlightSearch()[pri:0, instance:com.qa.makemytriptest.MakeMyTripTest@7b227d8d]" started-at="2023-09-02T21:42:10 IST" name="testMakeMyTripFlightSearch" finished-at="2023-09-02T21:43:01 IST" duration-ms="50397" status="PASS">
          <reporter-output>
          </reporter-output>
        </test-method> <!-- testMakeMyTripFlightSearch -->
        <test-method is-config="true" signature="tearDown()[pri:0, instance:com.qa.makemytriptest.MakeMyTripTest@7b227d8d]" started-at="2023-09-02T21:43:01 IST" name="tearDown" finished-at="2023-09-02T21:43:01 IST" duration-ms="419" status="PASS">
          <reporter-output>
          </reporter-output>
        </test-method> <!-- tearDown -->
      </class> <!-- com.qa.makemytriptest.MakeMyTripTest -->
    </test> <!-- MakeMyTripTest -->
  </suite> <!-- MakeMyTripSuite -->
</testng-results>
